<?xml version="1.0" encoding="UTF-8"?>
<testsuite name="com.example.enginefund.domain.EngineFundServiceImplTest" tests="1" skipped="0" failures="0" errors="0" timestamp="2025-12-11T01:12:48.758Z" hostname="Mac-N2GHC294N0" time="0.027">
  <properties/>
  <testcase name="exampleScenarioProducesExpectedFinalBalanceAndSuggestions()" classname="com.example.enginefund.domain.EngineFundServiceImplTest" time="0.027"/>
  <system-out><![CDATA[]]></system-out>
  <system-err><![CDATA[]]></system-err>
</testsuite>
